<?xml version="1.0" encoding="UTF-8"?>
<coverage generated="1701354692471" clover="3.2.0">
  <project timestamp="1701354692472" name="All files">
    <metrics statements="76" coveredstatements="70" conditionals="46" coveredconditionals="34" methods="12" coveredmethods="11" elements="134" coveredelements="115" complexity="0" loc="76" ncloc="76" packages="7" files="8" classes="8"/>
    <package name="configs">
      <metrics statements="16" coveredstatements="15" conditionals="9" coveredconditionals="6" methods="2" coveredmethods="2"/>
      <file name="db.js" path="C:\Users\Sari\Desktop\ERP\demo-store-ERP_pgern-stack\server\dist\configs\db.js">
        <metrics statements="16" coveredstatements="15" conditionals="9" coveredconditionals="6" methods="2" coveredmethods="2"/>
        <line num="2" count="4" type="cond" truecount="2" falsecount="1"/>
        <line num="3" count="8" type="cond" truecount="3" falsecount="1"/>
        <line num="5" count="4" type="stmt"/>
        <line num="6" count="4" type="stmt"/>
        <line num="7" count="4" type="stmt"/>
        <line num="8" count="4" type="stmt"/>
        <line num="9" count="4" type="stmt"/>
        <line num="10" count="4" type="stmt"/>
        <line num="11" count="4" type="stmt"/>
        <line num="12" count="4" type="stmt"/>
        <line num="13" count="4" type="stmt"/>
        <line num="16" count="4" type="stmt"/>
        <line num="17" count="4" type="cond" truecount="1" falsecount="1"/>
        <line num="18" count="0" type="stmt"/>
        <line num="20" count="4" type="stmt"/>
        <line num="22" count="4" type="stmt"/>
      </file>
    </package>
    <package name="controllers">
      <metrics statements="9" coveredstatements="9" conditionals="7" coveredconditionals="6" methods="2" coveredmethods="2"/>
      <file name="categoriesController.js" path="C:\Users\Sari\Desktop\ERP\demo-store-ERP_pgern-stack\server\dist\controllers\categoriesController.js">
        <metrics statements="9" coveredstatements="9" conditionals="7" coveredconditionals="6" methods="2" coveredmethods="2"/>
        <line num="2" count="1" type="cond" truecount="2" falsecount="1"/>
        <line num="3" count="2" type="cond" truecount="4" falsecount="0"/>
        <line num="5" count="1" type="stmt"/>
        <line num="6" count="1" type="stmt"/>
        <line num="7" count="1" type="stmt"/>
        <line num="8" count="1" type="stmt"/>
        <line num="9" count="1" type="stmt"/>
        <line num="10" count="1" type="stmt"/>
        <line num="12" count="1" type="stmt"/>
      </file>
    </package>
    <package name="dal">
      <metrics statements="9" coveredstatements="9" conditionals="7" coveredconditionals="5" methods="2" coveredmethods="2"/>
      <file name="categoriesDal.js" path="C:\Users\Sari\Desktop\ERP\demo-store-ERP_pgern-stack\server\dist\dal\categoriesDal.js">
        <metrics statements="9" coveredstatements="9" conditionals="7" coveredconditionals="5" methods="2" coveredmethods="2"/>
        <line num="2" count="4" type="cond" truecount="2" falsecount="1"/>
        <line num="3" count="4" type="cond" truecount="3" falsecount="1"/>
        <line num="5" count="4" type="stmt"/>
        <line num="6" count="4" type="stmt"/>
        <line num="7" count="4" type="stmt"/>
        <line num="8" count="4" type="stmt"/>
        <line num="11" count="4" type="stmt"/>
        <line num="12" count="4" type="stmt"/>
        <line num="14" count="4" type="stmt"/>
      </file>
    </package>
    <package name="routes">
      <metrics statements="8" coveredstatements="8" conditionals="7" coveredconditionals="6" methods="1" coveredmethods="1"/>
      <file name="categoriesRouter.js" path="C:\Users\Sari\Desktop\ERP\demo-store-ERP_pgern-stack\server\dist\routes\categoriesRouter.js">
        <metrics statements="8" coveredstatements="8" conditionals="7" coveredconditionals="6" methods="1" coveredmethods="1"/>
        <line num="2" count="1" type="cond" truecount="2" falsecount="1"/>
        <line num="3" count="2" type="cond" truecount="4" falsecount="0"/>
        <line num="5" count="1" type="stmt"/>
        <line num="6" count="1" type="stmt"/>
        <line num="7" count="1" type="stmt"/>
        <line num="8" count="1" type="stmt"/>
        <line num="9" count="1" type="stmt"/>
        <line num="10" count="1" type="stmt"/>
      </file>
    </package>
    <package name="services">
      <metrics statements="12" coveredstatements="11" conditionals="9" coveredconditionals="6" methods="2" coveredmethods="2"/>
      <file name="categoriesService.js" path="C:\Users\Sari\Desktop\ERP\demo-store-ERP_pgern-stack\server\dist\services\categoriesService.js">
        <metrics statements="12" coveredstatements="11" conditionals="9" coveredconditionals="6" methods="2" coveredmethods="2"/>
        <line num="2" count="3" type="cond" truecount="2" falsecount="1"/>
        <line num="3" count="9" type="cond" truecount="3" falsecount="1"/>
        <line num="5" count="3" type="stmt"/>
        <line num="6" count="3" type="stmt"/>
        <line num="7" count="3" type="stmt"/>
        <line num="8" count="3" type="stmt"/>
        <line num="9" count="3" type="stmt"/>
        <line num="10" count="3" type="stmt"/>
        <line num="11" count="3" type="cond" truecount="1" falsecount="1"/>
        <line num="12" count="0" type="stmt"/>
        <line num="14" count="3" type="stmt"/>
        <line num="16" count="3" type="stmt"/>
      </file>
    </package>
    <package name="types.errors">
      <metrics statements="4" coveredstatements="2" conditionals="0" coveredconditionals="0" methods="1" coveredmethods="0"/>
      <file name="RequestError.js" path="C:\Users\Sari\Desktop\ERP\demo-store-ERP_pgern-stack\server\dist\types\errors\RequestError.js">
        <metrics statements="4" coveredstatements="2" conditionals="0" coveredconditionals="0" methods="1" coveredmethods="0"/>
        <line num="2" count="4" type="stmt"/>
        <line num="6" count="0" type="stmt"/>
        <line num="7" count="0" type="stmt"/>
        <line num="10" count="4" type="stmt"/>
      </file>
    </package>
    <package name="utils">
      <metrics statements="18" coveredstatements="16" conditionals="7" coveredconditionals="5" methods="2" coveredmethods="2"/>
      <file name="StatusCodes.js" path="C:\Users\Sari\Desktop\ERP\demo-store-ERP_pgern-stack\server\dist\utils\StatusCodes.js">
        <metrics statements="3" coveredstatements="3" conditionals="0" coveredconditionals="0" methods="0" coveredmethods="0"/>
        <line num="2" count="4" type="stmt"/>
        <line num="3" count="4" type="stmt"/>
        <line num="12" count="4" type="stmt"/>
      </file>
      <file name="queryDB.js" path="C:\Users\Sari\Desktop\ERP\demo-store-ERP_pgern-stack\server\dist\utils\queryDB.js">
        <metrics statements="15" coveredstatements="13" conditionals="7" coveredconditionals="5" methods="2" coveredmethods="2"/>
        <line num="2" count="4" type="cond" truecount="2" falsecount="1"/>
        <line num="3" count="8" type="cond" truecount="3" falsecount="1"/>
        <line num="5" count="4" type="stmt"/>
        <line num="6" count="4" type="stmt"/>
        <line num="7" count="4" type="stmt"/>
        <line num="8" count="4" type="stmt"/>
        <line num="9" count="4" type="stmt"/>
        <line num="10" count="4" type="stmt"/>
        <line num="11" count="4" type="stmt"/>
        <line num="12" count="4" type="stmt"/>
        <line num="13" count="4" type="stmt"/>
        <line num="14" count="4" type="stmt"/>
        <line num="17" count="0" type="stmt"/>
        <line num="18" count="0" type="stmt"/>
        <line num="21" count="4" type="stmt"/>
      </file>
    </package>
  </project>
</coverage>
