{"C:\\Users\\user\\Desktop\\html dvir\\images\\REACT\\ERP_Proj2\\demo-store-ERP_pgern-stack\\server\\dist\\configs\\db.js": {"path":"C:\\Users\\user\\Desktop\\html dvir\\images\\REACT\\ERP_Proj2\\demo-store-ERP_pgern-stack\\server\\dist\\configs\\db.js","statementMap":{"0":{"start":{"line":2,"column":22},"end":{"line":4,"column":1}},"1":{"start":{"line":3,"column":4},"end":{"line":3,"column":62}},"2":{"start":{"line":5,"column":0},"end":{"line":5,"column":62}},"3":{"start":{"line":6,"column":0},"end":{"line":6,"column":27}},"4":{"start":{"line":7,"column":13},"end":{"line":7,"column":26}},"5":{"start":{"line":8,"column":17},"end":{"line":8,"column":34}},"6":{"start":{"line":9,"column":23},"end":{"line":9,"column":79}},"7":{"start":{"line":10,"column":22},"end":{"line":10,"column":70}},"8":{"start":{"line":11,"column":0},"end":{"line":11,"column":23}},"9":{"start":{"line":12,"column":18},"end":{"line":19,"column":1}},"10":{"start":{"line":13,"column":19},"end":{"line":13,"column":36}},"11":{"start":{"line":14,"column":4},"end":{"line":14,"column":27}},"12":{"start":{"line":15,"column":4},"end":{"line":17,"column":5}},"13":{"start":{"line":16,"column":8},"end":{"line":16,"column":113}},"14":{"start":{"line":18,"column":4},"end":{"line":18,"column":18}},"15":{"start":{"line":20,"column":0},"end":{"line":20,"column":30}}},"fnMap":{"0":{"name":"(anonymous_0)","decl":{"start":{"line":2,"column":56},"end":{"line":2,"column":57}},"loc":{"start":{"line":2,"column":71},"end":{"line":4,"column":1}},"line":2},"1":{"name":"(anonymous_1)","decl":{"start":{"line":12,"column":18},"end":{"line":12,"column":19}},"loc":{"start":{"line":12,"column":30},"end":{"line":19,"column":1}},"line":12}},"branchMap":{"0":{"loc":{"start":{"line":2,"column":22},"end":{"line":4,"column":1}},"type":"binary-expr","locations":[{"start":{"line":2,"column":23},"end":{"line":2,"column":27}},{"start":{"line":2,"column":31},"end":{"line":2,"column":51}},{"start":{"line":2,"column":56},"end":{"line":4,"column":1}}],"line":2},"1":{"loc":{"start":{"line":3,"column":11},"end":{"line":3,"column":61}},"type":"cond-expr","locations":[{"start":{"line":3,"column":37},"end":{"line":3,"column":40}},{"start":{"line":3,"column":43},"end":{"line":3,"column":61}}],"line":3},"2":{"loc":{"start":{"line":3,"column":12},"end":{"line":3,"column":33}},"type":"binary-expr","locations":[{"start":{"line":3,"column":12},"end":{"line":3,"column":15}},{"start":{"line":3,"column":19},"end":{"line":3,"column":33}}],"line":3},"3":{"loc":{"start":{"line":15,"column":4},"end":{"line":17,"column":5}},"type":"if","locations":[{"start":{"line":15,"column":4},"end":{"line":17,"column":5}},{"start":{},"end":{}}],"line":15}},"s":{"0":2,"1":4,"2":2,"3":2,"4":2,"5":2,"6":2,"7":2,"8":2,"9":2,"10":10,"11":10,"12":10,"13":0,"14":10,"15":2},"f":{"0":4,"1":10},"b":{"0":[2,0,2],"1":[4,0],"2":[4,4],"3":[0,10]},"_coverageSchema":"1a1c01bbd47fc00a2c39e90264f33305004495a9","hash":"97b72b472a14a4d9599e2a7cdc83e9254a79a7f9"}
,"C:\\Users\\user\\Desktop\\html dvir\\images\\REACT\\ERP_Proj2\\demo-store-ERP_pgern-stack\\server\\dist\\dal\\shopInventoryDAL.js": {"path":"C:\\Users\\user\\Desktop\\html dvir\\images\\REACT\\ERP_Proj2\\demo-store-ERP_pgern-stack\\server\\dist\\dal\\shopInventoryDAL.js","statementMap":{"0":{"start":{"line":2,"column":22},"end":{"line":4,"column":1}},"1":{"start":{"line":3,"column":4},"end":{"line":3,"column":62}},"2":{"start":{"line":5,"column":0},"end":{"line":5,"column":62}},"3":{"start":{"line":6,"column":0},"end":{"line":6,"column":103}},"4":{"start":{"line":7,"column":18},"end":{"line":7,"column":62}},"5":{"start":{"line":8,"column":19},"end":{"line":11,"column":1}},"6":{"start":{"line":9,"column":21},"end":{"line":9,"column":62}},"7":{"start":{"line":10,"column":4},"end":{"line":10,"column":16}},"8":{"start":{"line":12,"column":0},"end":{"line":12,"column":32}},"9":{"start":{"line":13,"column":23},"end":{"line":16,"column":1}},"10":{"start":{"line":14,"column":21},"end":{"line":14,"column":62}},"11":{"start":{"line":15,"column":4},"end":{"line":15,"column":16}},"12":{"start":{"line":17,"column":0},"end":{"line":17,"column":40}},"13":{"start":{"line":19,"column":21},"end":{"line":19,"column":61}},"14":{"start":{"line":20,"column":27},"end":{"line":20,"column":31}},"15":{"start":{"line":21,"column":4},"end":{"line":21,"column":20}},"16":{"start":{"line":23,"column":0},"end":{"line":23,"column":38}},"17":{"start":{"line":25,"column":20},"end":{"line":25,"column":61}},"18":{"start":{"line":26,"column":4},"end":{"line":26,"column":28}},"19":{"start":{"line":28,"column":0},"end":{"line":28,"column":42}}},"fnMap":{"0":{"name":"(anonymous_0)","decl":{"start":{"line":2,"column":56},"end":{"line":2,"column":57}},"loc":{"start":{"line":2,"column":71},"end":{"line":4,"column":1}},"line":2},"1":{"name":"(anonymous_1)","decl":{"start":{"line":8,"column":19},"end":{"line":8,"column":20}},"loc":{"start":{"line":8,"column":42},"end":{"line":11,"column":1}},"line":8},"2":{"name":"(anonymous_2)","decl":{"start":{"line":13,"column":23},"end":{"line":13,"column":24}},"loc":{"start":{"line":13,"column":46},"end":{"line":16,"column":1}},"line":13},"3":{"name":"checkQuantity","decl":{"start":{"line":18,"column":15},"end":{"line":18,"column":28}},"loc":{"start":{"line":18,"column":41},"end":{"line":22,"column":1}},"line":18},"4":{"name":"updateInventory","decl":{"start":{"line":24,"column":15},"end":{"line":24,"column":30}},"loc":{"start":{"line":24,"column":44},"end":{"line":27,"column":1}},"line":24}},"branchMap":{"0":{"loc":{"start":{"line":2,"column":22},"end":{"line":4,"column":1}},"type":"binary-expr","locations":[{"start":{"line":2,"column":23},"end":{"line":2,"column":27}},{"start":{"line":2,"column":31},"end":{"line":2,"column":51}},{"start":{"line":2,"column":56},"end":{"line":4,"column":1}}],"line":2},"1":{"loc":{"start":{"line":3,"column":11},"end":{"line":3,"column":61}},"type":"cond-expr","locations":[{"start":{"line":3,"column":37},"end":{"line":3,"column":40}},{"start":{"line":3,"column":43},"end":{"line":3,"column":61}}],"line":3},"2":{"loc":{"start":{"line":3,"column":12},"end":{"line":3,"column":33}},"type":"binary-expr","locations":[{"start":{"line":3,"column":12},"end":{"line":3,"column":15}},{"start":{"line":3,"column":19},"end":{"line":3,"column":33}}],"line":3}},"s":{"0":1,"1":1,"2":1,"3":1,"4":1,"5":1,"6":4,"7":4,"8":1,"9":1,"10":1,"11":1,"12":1,"13":1,"14":1,"15":1,"16":1,"17":1,"18":1,"19":1},"f":{"0":1,"1":4,"2":1,"3":1,"4":1},"b":{"0":[1,0,1],"1":[1,0],"2":[1,1]},"_coverageSchema":"1a1c01bbd47fc00a2c39e90264f33305004495a9","hash":"7ebf9a1c66a8c02cc1aae14f7264b11ca9f39a58"}
,"C:\\Users\\user\\Desktop\\html dvir\\images\\REACT\\ERP_Proj2\\demo-store-ERP_pgern-stack\\server\\dist\\routes\\sum.js": {"path":"C:\\Users\\user\\Desktop\\html dvir\\images\\REACT\\ERP_Proj2\\demo-store-ERP_pgern-stack\\server\\dist\\routes\\sum.js","statementMap":{"0":{"start":{"line":2,"column":0},"end":{"line":2,"column":62}},"1":{"start":{"line":3,"column":0},"end":{"line":3,"column":21}},"2":{"start":{"line":5,"column":4},"end":{"line":5,"column":17}},"3":{"start":{"line":7,"column":0},"end":{"line":7,"column":18}}},"fnMap":{"0":{"name":"sum","decl":{"start":{"line":4,"column":9},"end":{"line":4,"column":12}},"loc":{"start":{"line":4,"column":19},"end":{"line":6,"column":1}},"line":4}},"branchMap":{},"s":{"0":1,"1":1,"2":1,"3":1},"f":{"0":1},"b":{},"_coverageSchema":"1a1c01bbd47fc00a2c39e90264f33305004495a9","hash":"27cc1af461e087c013096c08f8288fe0261cfd66"}
,"C:\\Users\\user\\Desktop\\html dvir\\images\\REACT\\ERP_Proj2\\demo-store-ERP_pgern-stack\\server\\dist\\services\\shopInventoryService.js": {"path":"C:\\Users\\user\\Desktop\\html dvir\\images\\REACT\\ERP_Proj2\\demo-store-ERP_pgern-stack\\server\\dist\\services\\shopInventoryService.js","statementMap":{"0":{"start":{"line":2,"column":22},"end":{"line":12,"column":3}},"1":{"start":{"line":3,"column":4},"end":{"line":3,"column":33}},"2":{"start":{"line":3,"column":26},"end":{"line":3,"column":33}},"3":{"start":{"line":4,"column":15},"end":{"line":4,"column":52}},"4":{"start":{"line":5,"column":4},"end":{"line":7,"column":5}},"5":{"start":{"line":6,"column":6},"end":{"line":6,"column":68}},"6":{"start":{"line":6,"column":51},"end":{"line":6,"column":63}},"7":{"start":{"line":8,"column":4},"end":{"line":8,"column":39}},"8":{"start":{"line":10,"column":4},"end":{"line":10,"column":33}},"9":{"start":{"line":10,"column":26},"end":{"line":10,"column":33}},"10":{"start":{"line":11,"column":4},"end":{"line":11,"column":17}},"11":{"start":{"line":13,"column":25},"end":{"line":17,"column":2}},"12":{"start":{"line":14,"column":4},"end":{"line":14,"column":72}},"13":{"start":{"line":16,"column":4},"end":{"line":16,"column":21}},"14":{"start":{"line":18,"column":19},"end":{"line":24,"column":1}},"15":{"start":{"line":19,"column":4},"end":{"line":19,"column":42}},"16":{"start":{"line":19,"column":31},"end":{"line":19,"column":42}},"17":{"start":{"line":20,"column":17},"end":{"line":20,"column":19}},"18":{"start":{"line":21,"column":4},"end":{"line":21,"column":141}},"19":{"start":{"line":21,"column":21},"end":{"line":21,"column":141}},"20":{"start":{"line":21,"column":40},"end":{"line":21,"column":141}},"21":{"start":{"line":21,"column":109},"end":{"line":21,"column":141}},"22":{"start":{"line":22,"column":4},"end":{"line":22,"column":36}},"23":{"start":{"line":23,"column":4},"end":{"line":23,"column":18}},"24":{"start":{"line":25,"column":22},"end":{"line":27,"column":1}},"25":{"start":{"line":26,"column":4},"end":{"line":26,"column":62}},"26":{"start":{"line":28,"column":0},"end":{"line":28,"column":62}},"27":{"start":{"line":29,"column":0},"end":{"line":29,"column":108}},"28":{"start":{"line":30,"column":12},"end":{"line":30,"column":60}},"29":{"start":{"line":31,"column":23},"end":{"line":31,"column":79}},"30":{"start":{"line":32,"column":22},"end":{"line":32,"column":70}},"31":{"start":{"line":33,"column":21},"end":{"line":33,"column":51}},"32":{"start":{"line":34,"column":24},"end":{"line":34,"column":65}},"33":{"start":{"line":35,"column":19},"end":{"line":69,"column":1}},"34":{"start":{"line":36,"column":4},"end":{"line":68,"column":5}},"35":{"start":{"line":37,"column":30},"end":{"line":39,"column":56}},"36":{"start":{"line":40,"column":31},"end":{"line":40,"column":66}},"37":{"start":{"line":41,"column":8},"end":{"line":43,"column":9}},"38":{"start":{"line":42,"column":12},"end":{"line":42,"column":108}},"39":{"start":{"line":44,"column":8},"end":{"line":44,"column":30}},"40":{"start":{"line":47,"column":8},"end":{"line":67,"column":9}},"41":{"start":{"line":48,"column":33},"end":{"line":52,"column":62}},"42":{"start":{"line":53,"column":33},"end":{"line":53,"column":67}},"43":{"start":{"line":54,"column":12},"end":{"line":56,"column":13}},"44":{"start":{"line":55,"column":16},"end":{"line":55,"column":100}},"45":{"start":{"line":57,"column":12},"end":{"line":57,"column":32}},"46":{"start":{"line":60,"column":32},"end":{"line":61,"column":64}},"47":{"start":{"line":62,"column":28},"end":{"line":62,"column":61}},"48":{"start":{"line":63,"column":12},"end":{"line":65,"column":13}},"49":{"start":{"line":64,"column":16},"end":{"line":64,"column":100}},"50":{"start":{"line":66,"column":12},"end":{"line":66,"column":27}},"51":{"start":{"line":70,"column":0},"end":{"line":70,"column":32}},"52":{"start":{"line":71,"column":23},"end":{"line":84,"column":1}},"53":{"start":{"line":72,"column":4},"end":{"line":74,"column":5}},"54":{"start":{"line":73,"column":8},"end":{"line":73,"column":103}},"55":{"start":{"line":75,"column":22},"end":{"line":78,"column":56}},"56":{"start":{"line":79,"column":22},"end":{"line":79,"column":59}},"57":{"start":{"line":80,"column":4},"end":{"line":82,"column":5}},"58":{"start":{"line":81,"column":8},"end":{"line":81,"column":95}},"59":{"start":{"line":83,"column":4},"end":{"line":83,"column":19}},"60":{"start":{"line":85,"column":0},"end":{"line":85,"column":40}},"61":{"start":{"line":86,"column":27},"end":{"line":116,"column":1}},"62":{"start":{"line":87,"column":4},"end":{"line":89,"column":5}},"63":{"start":{"line":88,"column":8},"end":{"line":88,"column":100}},"64":{"start":{"line":90,"column":30},"end":{"line":90,"column":38}},"65":{"start":{"line":91,"column":4},"end":{"line":93,"column":5}},"66":{"start":{"line":92,"column":8},"end":{"line":92,"column":105}},"67":{"start":{"line":94,"column":27},"end":{"line":94,"column":29}},"68":{"start":{"line":95,"column":29},"end":{"line":95,"column":31}},"69":{"start":{"line":96,"column":4},"end":{"line":114,"column":5}},"70":{"start":{"line":97,"column":40},"end":{"line":97,"column":44}},"71":{"start":{"line":98,"column":8},"end":{"line":100,"column":9}},"72":{"start":{"line":99,"column":12},"end":{"line":99,"column":102}},"73":{"start":{"line":101,"column":8},"end":{"line":103,"column":9}},"74":{"start":{"line":102,"column":12},"end":{"line":102,"column":100}},"75":{"start":{"line":104,"column":27},"end":{"line":106,"column":30}},"76":{"start":{"line":107,"column":31},"end":{"line":107,"column":66}},"77":{"start":{"line":108,"column":8},"end":{"line":113,"column":9}},"78":{"start":{"line":109,"column":12},"end":{"line":109,"column":67}},"79":{"start":{"line":111,"column":13},"end":{"line":113,"column":9}},"80":{"start":{"line":112,"column":12},"end":{"line":112,"column":69}},"81":{"start":{"line":115,"column":4},"end":{"line":115,"column":52}},"82":{"start":{"line":117,"column":0},"end":{"line":117,"column":48}},"83":{"start":{"line":118,"column":24},"end":{"line":139,"column":1}},"84":{"start":{"line":119,"column":30},"end":{"line":119,"column":38}},"85":{"start":{"line":120,"column":51},"end":{"line":120,"column":93}},"86":{"start":{"line":121,"column":4},"end":{"line":126,"column":5}},"87":{"start":{"line":122,"column":8},"end":{"line":122,"column":107}},"88":{"start":{"line":124,"column":9},"end":{"line":126,"column":5}},"89":{"start":{"line":125,"column":8},"end":{"line":125,"column":106}},"90":{"start":{"line":127,"column":24},"end":{"line":127,"column":52}},"91":{"start":{"line":128,"column":4},"end":{"line":137,"column":5}},"92":{"start":{"line":129,"column":40},"end":{"line":129,"column":44}},"93":{"start":{"line":130,"column":28},"end":{"line":132,"column":34}},"94":{"start":{"line":133,"column":20},"end":{"line":133,"column":58}},"95":{"start":{"line":134,"column":8},"end":{"line":136,"column":9}},"96":{"start":{"line":135,"column":12},"end":{"line":135,"column":108}},"97":{"start":{"line":138,"column":4},"end":{"line":138,"column":36}},"98":{"start":{"line":140,"column":0},"end":{"line":140,"column":42}}},"fnMap":{"0":{"name":"(anonymous_0)","decl":{"start":{"line":2,"column":74},"end":{"line":2,"column":75}},"loc":{"start":{"line":2,"column":96},"end":{"line":9,"column":1}},"line":2},"1":{"name":"(anonymous_1)","decl":{"start":{"line":6,"column":38},"end":{"line":6,"column":39}},"loc":{"start":{"line":6,"column":49},"end":{"line":6,"column":65}},"line":6},"2":{"name":"(anonymous_2)","decl":{"start":{"line":9,"column":6},"end":{"line":9,"column":7}},"loc":{"start":{"line":9,"column":28},"end":{"line":12,"column":1}},"line":9},"3":{"name":"(anonymous_3)","decl":{"start":{"line":13,"column":80},"end":{"line":13,"column":81}},"loc":{"start":{"line":13,"column":95},"end":{"line":15,"column":1}},"line":13},"4":{"name":"(anonymous_4)","decl":{"start":{"line":15,"column":5},"end":{"line":15,"column":6}},"loc":{"start":{"line":15,"column":20},"end":{"line":17,"column":1}},"line":15},"5":{"name":"(anonymous_5)","decl":{"start":{"line":18,"column":50},"end":{"line":18,"column":51}},"loc":{"start":{"line":18,"column":65},"end":{"line":24,"column":1}},"line":18},"6":{"name":"(anonymous_6)","decl":{"start":{"line":25,"column":56},"end":{"line":25,"column":57}},"loc":{"start":{"line":25,"column":71},"end":{"line":27,"column":1}},"line":25},"7":{"name":"(anonymous_7)","decl":{"start":{"line":35,"column":19},"end":{"line":35,"column":20}},"loc":{"start":{"line":35,"column":57},"end":{"line":69,"column":1}},"line":35},"8":{"name":"(anonymous_8)","decl":{"start":{"line":71,"column":23},"end":{"line":71,"column":24}},"loc":{"start":{"line":71,"column":44},"end":{"line":84,"column":1}},"line":71},"9":{"name":"(anonymous_9)","decl":{"start":{"line":86,"column":27},"end":{"line":86,"column":28}},"loc":{"start":{"line":86,"column":42},"end":{"line":116,"column":1}},"line":86},"10":{"name":"(anonymous_10)","decl":{"start":{"line":118,"column":24},"end":{"line":118,"column":25}},"loc":{"start":{"line":118,"column":39},"end":{"line":139,"column":1}},"line":118}},"branchMap":{"0":{"loc":{"start":{"line":2,"column":22},"end":{"line":12,"column":3}},"type":"binary-expr","locations":[{"start":{"line":2,"column":23},"end":{"line":2,"column":27}},{"start":{"line":2,"column":31},"end":{"line":2,"column":51}},{"start":{"line":2,"column":57},"end":{"line":12,"column":2}}],"line":2},"1":{"loc":{"start":{"line":2,"column":57},"end":{"line":12,"column":2}},"type":"cond-expr","locations":[{"start":{"line":2,"column":74},"end":{"line":9,"column":1}},{"start":{"line":9,"column":6},"end":{"line":12,"column":1}}],"line":2},"2":{"loc":{"start":{"line":3,"column":4},"end":{"line":3,"column":33}},"type":"if","locations":[{"start":{"line":3,"column":4},"end":{"line":3,"column":33}},{"start":{},"end":{}}],"line":3},"3":{"loc":{"start":{"line":5,"column":4},"end":{"line":7,"column":5}},"type":"if","locations":[{"start":{"line":5,"column":4},"end":{"line":7,"column":5}},{"start":{},"end":{}}],"line":5},"4":{"loc":{"start":{"line":5,"column":8},"end":{"line":5,"column":85}},"type":"binary-expr","locations":[{"start":{"line":5,"column":8},"end":{"line":5,"column":13}},{"start":{"line":5,"column":18},"end":{"line":5,"column":84}}],"line":5},"5":{"loc":{"start":{"line":5,"column":18},"end":{"line":5,"column":84}},"type":"cond-expr","locations":[{"start":{"line":5,"column":34},"end":{"line":5,"column":47}},{"start":{"line":5,"column":50},"end":{"line":5,"column":84}}],"line":5},"6":{"loc":{"start":{"line":5,"column":50},"end":{"line":5,"column":84}},"type":"binary-expr","locations":[{"start":{"line":5,"column":50},"end":{"line":5,"column":63}},{"start":{"line":5,"column":67},"end":{"line":5,"column":84}}],"line":5},"7":{"loc":{"start":{"line":10,"column":4},"end":{"line":10,"column":33}},"type":"if","locations":[{"start":{"line":10,"column":4},"end":{"line":10,"column":33}},{"start":{},"end":{}}],"line":10},"8":{"loc":{"start":{"line":13,"column":25},"end":{"line":17,"column":2}},"type":"binary-expr","locations":[{"start":{"line":13,"column":26},"end":{"line":13,"column":30}},{"start":{"line":13,"column":34},"end":{"line":13,"column":57}},{"start":{"line":13,"column":63},"end":{"line":17,"column":1}}],"line":13},"9":{"loc":{"start":{"line":13,"column":63},"end":{"line":17,"column":1}},"type":"cond-expr","locations":[{"start":{"line":13,"column":80},"end":{"line":15,"column":1}},{"start":{"line":15,"column":5},"end":{"line":17,"column":1}}],"line":13},"10":{"loc":{"start":{"line":18,"column":19},"end":{"line":24,"column":1}},"type":"binary-expr","locations":[{"start":{"line":18,"column":20},"end":{"line":18,"column":24}},{"start":{"line":18,"column":28},"end":{"line":18,"column":45}},{"start":{"line":18,"column":50},"end":{"line":24,"column":1}}],"line":18},"11":{"loc":{"start":{"line":19,"column":4},"end":{"line":19,"column":42}},"type":"if","locations":[{"start":{"line":19,"column":4},"end":{"line":19,"column":42}},{"start":{},"end":{}}],"line":19},"12":{"loc":{"start":{"line":19,"column":8},"end":{"line":19,"column":29}},"type":"binary-expr","locations":[{"start":{"line":19,"column":8},"end":{"line":19,"column":11}},{"start":{"line":19,"column":15},"end":{"line":19,"column":29}}],"line":19},"13":{"loc":{"start":{"line":21,"column":4},"end":{"line":21,"column":141}},"type":"if","locations":[{"start":{"line":21,"column":4},"end":{"line":21,"column":141}},{"start":{},"end":{}}],"line":21},"14":{"loc":{"start":{"line":21,"column":40},"end":{"line":21,"column":141}},"type":"if","locations":[{"start":{"line":21,"column":40},"end":{"line":21,"column":141}},{"start":{},"end":{}}],"line":21},"15":{"loc":{"start":{"line":21,"column":44},"end":{"line":21,"column":107}},"type":"binary-expr","locations":[{"start":{"line":21,"column":44},"end":{"line":21,"column":59}},{"start":{"line":21,"column":63},"end":{"line":21,"column":107}}],"line":21},"16":{"loc":{"start":{"line":25,"column":22},"end":{"line":27,"column":1}},"type":"binary-expr","locations":[{"start":{"line":25,"column":23},"end":{"line":25,"column":27}},{"start":{"line":25,"column":31},"end":{"line":25,"column":51}},{"start":{"line":25,"column":56},"end":{"line":27,"column":1}}],"line":25},"17":{"loc":{"start":{"line":26,"column":11},"end":{"line":26,"column":61}},"type":"cond-expr","locations":[{"start":{"line":26,"column":37},"end":{"line":26,"column":40}},{"start":{"line":26,"column":43},"end":{"line":26,"column":61}}],"line":26},"18":{"loc":{"start":{"line":26,"column":12},"end":{"line":26,"column":33}},"type":"binary-expr","locations":[{"start":{"line":26,"column":12},"end":{"line":26,"column":15}},{"start":{"line":26,"column":19},"end":{"line":26,"column":33}}],"line":26},"19":{"loc":{"start":{"line":36,"column":4},"end":{"line":68,"column":5}},"type":"if","locations":[{"start":{"line":36,"column":4},"end":{"line":68,"column":5}},{"start":{"line":46,"column":9},"end":{"line":68,"column":5}}],"line":36},"20":{"loc":{"start":{"line":41,"column":8},"end":{"line":43,"column":9}},"type":"if","locations":[{"start":{"line":41,"column":8},"end":{"line":43,"column":9}},{"start":{},"end":{}}],"line":41},"21":{"loc":{"start":{"line":41,"column":12},"end":{"line":41,"column":67}},"type":"binary-expr","locations":[{"start":{"line":41,"column":12},"end":{"line":41,"column":40}},{"start":{"line":41,"column":44},"end":{"line":41,"column":67}}],"line":41},"22":{"loc":{"start":{"line":47,"column":8},"end":{"line":67,"column":9}},"type":"if","locations":[{"start":{"line":47,"column":8},"end":{"line":67,"column":9}},{"start":{"line":59,"column":13},"end":{"line":67,"column":9}}],"line":47},"23":{"loc":{"start":{"line":54,"column":12},"end":{"line":56,"column":13}},"type":"if","locations":[{"start":{"line":54,"column":12},"end":{"line":56,"column":13}},{"start":{},"end":{}}],"line":54},"24":{"loc":{"start":{"line":54,"column":16},"end":{"line":54,"column":67}},"type":"binary-expr","locations":[{"start":{"line":54,"column":16},"end":{"line":54,"column":42}},{"start":{"line":54,"column":46},"end":{"line":54,"column":67}}],"line":54},"25":{"loc":{"start":{"line":63,"column":12},"end":{"line":65,"column":13}},"type":"if","locations":[{"start":{"line":63,"column":12},"end":{"line":65,"column":13}},{"start":{},"end":{}}],"line":63},"26":{"loc":{"start":{"line":63,"column":16},"end":{"line":63,"column":57}},"type":"binary-expr","locations":[{"start":{"line":63,"column":16},"end":{"line":63,"column":37}},{"start":{"line":63,"column":41},"end":{"line":63,"column":57}}],"line":63},"27":{"loc":{"start":{"line":72,"column":4},"end":{"line":74,"column":5}},"type":"if","locations":[{"start":{"line":72,"column":4},"end":{"line":74,"column":5}},{"start":{},"end":{}}],"line":72},"28":{"loc":{"start":{"line":80,"column":4},"end":{"line":82,"column":5}},"type":"if","locations":[{"start":{"line":80,"column":4},"end":{"line":82,"column":5}},{"start":{},"end":{}}],"line":80},"29":{"loc":{"start":{"line":80,"column":8},"end":{"line":80,"column":49}},"type":"binary-expr","locations":[{"start":{"line":80,"column":8},"end":{"line":80,"column":24}},{"start":{"line":80,"column":28},"end":{"line":80,"column":49}}],"line":80},"30":{"loc":{"start":{"line":87,"column":4},"end":{"line":89,"column":5}},"type":"if","locations":[{"start":{"line":87,"column":4},"end":{"line":89,"column":5}},{"start":{},"end":{}}],"line":87},"31":{"loc":{"start":{"line":87,"column":8},"end":{"line":87,"column":51}},"type":"binary-expr","locations":[{"start":{"line":87,"column":8},"end":{"line":87,"column":17}},{"start":{"line":87,"column":21},"end":{"line":87,"column":51}}],"line":87},"32":{"loc":{"start":{"line":91,"column":4},"end":{"line":93,"column":5}},"type":"if","locations":[{"start":{"line":91,"column":4},"end":{"line":93,"column":5}},{"start":{},"end":{}}],"line":91},"33":{"loc":{"start":{"line":91,"column":8},"end":{"line":91,"column":47}},"type":"binary-expr","locations":[{"start":{"line":91,"column":8},"end":{"line":91,"column":24}},{"start":{"line":91,"column":28},"end":{"line":91,"column":47}}],"line":91},"34":{"loc":{"start":{"line":98,"column":8},"end":{"line":100,"column":9}},"type":"if","locations":[{"start":{"line":98,"column":8},"end":{"line":100,"column":9}},{"start":{},"end":{}}],"line":98},"35":{"loc":{"start":{"line":98,"column":12},"end":{"line":98,"column":66}},"type":"binary-expr","locations":[{"start":{"line":98,"column":12},"end":{"line":98,"column":22}},{"start":{"line":98,"column":26},"end":{"line":98,"column":66}}],"line":98},"36":{"loc":{"start":{"line":101,"column":8},"end":{"line":103,"column":9}},"type":"if","locations":[{"start":{"line":101,"column":8},"end":{"line":103,"column":9}},{"start":{},"end":{}}],"line":101},"37":{"loc":{"start":{"line":101,"column":12},"end":{"line":101,"column":51}},"type":"binary-expr","locations":[{"start":{"line":101,"column":12},"end":{"line":101,"column":34}},{"start":{"line":101,"column":38},"end":{"line":101,"column":51}}],"line":101},"38":{"loc":{"start":{"line":108,"column":8},"end":{"line":113,"column":9}},"type":"if","locations":[{"start":{"line":108,"column":8},"end":{"line":113,"column":9}},{"start":{"line":111,"column":13},"end":{"line":113,"column":9}}],"line":108},"39":{"loc":{"start":{"line":108,"column":12},"end":{"line":108,"column":57}},"type":"binary-expr","locations":[{"start":{"line":108,"column":12},"end":{"line":108,"column":37}},{"start":{"line":108,"column":41},"end":{"line":108,"column":57}}],"line":108},"40":{"loc":{"start":{"line":111,"column":13},"end":{"line":113,"column":9}},"type":"if","locations":[{"start":{"line":111,"column":13},"end":{"line":113,"column":9}},{"start":{},"end":{}}],"line":111},"41":{"loc":{"start":{"line":111,"column":17},"end":{"line":111,"column":63}},"type":"binary-expr","locations":[{"start":{"line":111,"column":17},"end":{"line":111,"column":43}},{"start":{"line":111,"column":47},"end":{"line":111,"column":63}}],"line":111},"42":{"loc":{"start":{"line":121,"column":4},"end":{"line":126,"column":5}},"type":"if","locations":[{"start":{"line":121,"column":4},"end":{"line":126,"column":5}},{"start":{"line":124,"column":9},"end":{"line":126,"column":5}}],"line":121},"43":{"loc":{"start":{"line":121,"column":8},"end":{"line":121,"column":68}},"type":"binary-expr","locations":[{"start":{"line":121,"column":8},"end":{"line":121,"column":35}},{"start":{"line":121,"column":39},"end":{"line":121,"column":68}}],"line":121},"44":{"loc":{"start":{"line":124,"column":9},"end":{"line":126,"column":5}},"type":"if","locations":[{"start":{"line":124,"column":9},"end":{"line":126,"column":5}},{"start":{},"end":{}}],"line":124},"45":{"loc":{"start":{"line":127,"column":24},"end":{"line":127,"column":52}},"type":"cond-expr","locations":[{"start":{"line":127,"column":43},"end":{"line":127,"column":46}},{"start":{"line":127,"column":49},"end":{"line":127,"column":52}}],"line":127},"46":{"loc":{"start":{"line":134,"column":8},"end":{"line":136,"column":9}},"type":"if","locations":[{"start":{"line":134,"column":8},"end":{"line":136,"column":9}},{"start":{},"end":{}}],"line":134}},"s":{"0":1,"1":0,"2":0,"3":0,"4":0,"5":0,"6":0,"7":0,"8":0,"9":0,"10":0,"11":1,"12":0,"13":0,"14":1,"15":1,"16":1,"17":0,"18":0,"19":0,"20":0,"21":0,"22":0,"23":0,"24":1,"25":3,"26":1,"27":1,"28":1,"29":1,"30":1,"31":1,"32":1,"33":1,"34":4,"35":1,"36":1,"37":1,"38":0,"39":1,"40":3,"41":1,"42":1,"43":1,"44":0,"45":1,"46":2,"47":2,"48":2,"49":0,"50":2,"51":1,"52":1,"53":1,"54":0,"55":1,"56":1,"57":1,"58":0,"59":1,"60":1,"61":1,"62":1,"63":0,"64":1,"65":1,"66":0,"67":1,"68":1,"69":1,"70":1,"71":1,"72":0,"73":1,"74":0,"75":1,"76":1,"77":1,"78":0,"79":1,"80":1,"81":1,"82":1,"83":1,"84":1,"85":1,"86":1,"87":0,"88":1,"89":0,"90":1,"91":1,"92":1,"93":1,"94":1,"95":1,"96":0,"97":1,"98":1},"f":{"0":0,"1":0,"2":0,"3":0,"4":0,"5":1,"6":3,"7":4,"8":1,"9":1,"10":1},"b":{"0":[1,0,1],"1":[1,0],"2":[0,0],"3":[0,0],"4":[0,0],"5":[0,0],"6":[0,0],"7":[0,0],"8":[1,0,1],"9":[1,0],"10":[1,0,1],"11":[1,0],"12":[1,1],"13":[0,0],"14":[0,0],"15":[0,0],"16":[1,0,1],"17":[2,1],"18":[3,3],"19":[1,3],"20":[0,1],"21":[1,1],"22":[1,2],"23":[0,1],"24":[1,1],"25":[0,2],"26":[2,2],"27":[0,1],"28":[0,1],"29":[1,1],"30":[0,1],"31":[1,1],"32":[0,1],"33":[1,0],"34":[0,1],"35":[1,1],"36":[0,1],"37":[1,1],"38":[0,1],"39":[1,0],"40":[1,0],"41":[1,1],"42":[0,1],"43":[1,0],"44":[0,1],"45":[1,0],"46":[0,1]},"_coverageSchema":"1a1c01bbd47fc00a2c39e90264f33305004495a9","hash":"2d9dbaebe3fcd11593cb391e9d23d77224783603"}
,"C:\\Users\\user\\Desktop\\html dvir\\images\\REACT\\ERP_Proj2\\demo-store-ERP_pgern-stack\\server\\dist\\types\\SQLqueries.js": {"path":"C:\\Users\\user\\Desktop\\html dvir\\images\\REACT\\ERP_Proj2\\demo-store-ERP_pgern-stack\\server\\dist\\types\\SQLqueries.js","statementMap":{"0":{"start":{"line":2,"column":0},"end":{"line":2,"column":62}},"1":{"start":{"line":3,"column":0},"end":{"line":3,"column":33}},"2":{"start":{"line":4,"column":0},"end":{"line":29,"column":26}}},"fnMap":{},"branchMap":{},"s":{"0":2,"1":2,"2":2},"f":{},"b":{},"_coverageSchema":"1a1c01bbd47fc00a2c39e90264f33305004495a9","hash":"75634578fa0582a60e407b337c1b3224aaa3d355"}
,"C:\\Users\\user\\Desktop\\html dvir\\images\\REACT\\ERP_Proj2\\demo-store-ERP_pgern-stack\\server\\dist\\types\\errors\\RequestError.js": {"path":"C:\\Users\\user\\Desktop\\html dvir\\images\\REACT\\ERP_Proj2\\demo-store-ERP_pgern-stack\\server\\dist\\types\\errors\\RequestError.js","statementMap":{"0":{"start":{"line":2,"column":0},"end":{"line":2,"column":62}},"1":{"start":{"line":6,"column":8},"end":{"line":6,"column":23}},"2":{"start":{"line":7,"column":8},"end":{"line":7,"column":33}},"3":{"start":{"line":10,"column":0},"end":{"line":10,"column":31}}},"fnMap":{"0":{"name":"(anonymous_0)","decl":{"start":{"line":5,"column":4},"end":{"line":5,"column":5}},"loc":{"start":{"line":5,"column":33},"end":{"line":8,"column":5}},"line":5}},"branchMap":{},"s":{"0":2,"1":0,"2":0,"3":2},"f":{"0":0},"b":{},"_coverageSchema":"1a1c01bbd47fc00a2c39e90264f33305004495a9","hash":"6f189c960cd0092bd9a5102e90f4751f0e5cba28"}
,"C:\\Users\\user\\Desktop\\html dvir\\images\\REACT\\ERP_Proj2\\demo-store-ERP_pgern-stack\\server\\dist\\utils\\StatusCodes.js": {"path":"C:\\Users\\user\\Desktop\\html dvir\\images\\REACT\\ERP_Proj2\\demo-store-ERP_pgern-stack\\server\\dist\\utils\\StatusCodes.js","statementMap":{"0":{"start":{"line":2,"column":0},"end":{"line":2,"column":62}},"1":{"start":{"line":3,"column":21},"end":{"line":11,"column":1}},"2":{"start":{"line":12,"column":0},"end":{"line":12,"column":31}}},"fnMap":{},"branchMap":{},"s":{"0":2,"1":2,"2":2},"f":{},"b":{},"_coverageSchema":"1a1c01bbd47fc00a2c39e90264f33305004495a9","hash":"aca2101655f977d43c560c0ef8f951cf0e73113a"}
,"C:\\Users\\user\\Desktop\\html dvir\\images\\REACT\\ERP_Proj2\\demo-store-ERP_pgern-stack\\server\\dist\\utils\\queryDB.js": {"path":"C:\\Users\\user\\Desktop\\html dvir\\images\\REACT\\ERP_Proj2\\demo-store-ERP_pgern-stack\\server\\dist\\utils\\queryDB.js","statementMap":{"0":{"start":{"line":2,"column":22},"end":{"line":4,"column":1}},"1":{"start":{"line":3,"column":4},"end":{"line":3,"column":62}},"2":{"start":{"line":5,"column":0},"end":{"line":5,"column":62}},"3":{"start":{"line":6,"column":13},"end":{"line":6,"column":37}},"4":{"start":{"line":7,"column":23},"end":{"line":7,"column":79}},"5":{"start":{"line":8,"column":22},"end":{"line":8,"column":63}},"6":{"start":{"line":9,"column":14},"end":{"line":20,"column":1}},"7":{"start":{"line":10,"column":19},"end":{"line":10,"column":46}},"8":{"start":{"line":11,"column":4},"end":{"line":19,"column":5}},"9":{"start":{"line":12,"column":20},"end":{"line":12,"column":45}},"10":{"start":{"line":13,"column":8},"end":{"line":13,"column":21}},"11":{"start":{"line":14,"column":8},"end":{"line":14,"column":19}},"12":{"start":{"line":17,"column":8},"end":{"line":17,"column":29}},"13":{"start":{"line":18,"column":8},"end":{"line":18,"column":101}},"14":{"start":{"line":21,"column":0},"end":{"line":21,"column":24}}},"fnMap":{"0":{"name":"(anonymous_0)","decl":{"start":{"line":2,"column":56},"end":{"line":2,"column":57}},"loc":{"start":{"line":2,"column":71},"end":{"line":4,"column":1}},"line":2},"1":{"name":"(anonymous_1)","decl":{"start":{"line":9,"column":14},"end":{"line":9,"column":15}},"loc":{"start":{"line":9,"column":31},"end":{"line":20,"column":1}},"line":9}},"branchMap":{"0":{"loc":{"start":{"line":2,"column":22},"end":{"line":4,"column":1}},"type":"binary-expr","locations":[{"start":{"line":2,"column":23},"end":{"line":2,"column":27}},{"start":{"line":2,"column":31},"end":{"line":2,"column":51}},{"start":{"line":2,"column":56},"end":{"line":4,"column":1}}],"line":2},"1":{"loc":{"start":{"line":3,"column":11},"end":{"line":3,"column":61}},"type":"cond-expr","locations":[{"start":{"line":3,"column":37},"end":{"line":3,"column":40}},{"start":{"line":3,"column":43},"end":{"line":3,"column":61}}],"line":3},"2":{"loc":{"start":{"line":3,"column":12},"end":{"line":3,"column":33}},"type":"binary-expr","locations":[{"start":{"line":3,"column":12},"end":{"line":3,"column":15}},{"start":{"line":3,"column":19},"end":{"line":3,"column":33}}],"line":3}},"s":{"0":2,"1":4,"2":2,"3":2,"4":2,"5":2,"6":2,"7":10,"8":10,"9":10,"10":10,"11":10,"12":0,"13":0,"14":2},"f":{"0":4,"1":10},"b":{"0":[2,0,2],"1":[4,0],"2":[4,4]},"_coverageSchema":"1a1c01bbd47fc00a2c39e90264f33305004495a9","hash":"3403c10e6c1ad7ff4cb761c71554131fd0d50692"}
}
