{"C:\\Users\\Sari\\Desktop\\ERP\\demo-store-ERP_pgern-stack\\server\\dist\\configs\\db.js": {"path":"C:\\Users\\Sari\\Desktop\\ERP\\demo-store-ERP_pgern-stack\\server\\dist\\configs\\db.js","statementMap":{"0":{"start":{"line":2,"column":22},"end":{"line":4,"column":1}},"1":{"start":{"line":3,"column":4},"end":{"line":3,"column":62}},"2":{"start":{"line":5,"column":0},"end":{"line":5,"column":62}},"3":{"start":{"line":6,"column":0},"end":{"line":6,"column":27}},"4":{"start":{"line":7,"column":13},"end":{"line":7,"column":26}},"5":{"start":{"line":8,"column":17},"end":{"line":8,"column":34}},"6":{"start":{"line":9,"column":23},"end":{"line":9,"column":79}},"7":{"start":{"line":10,"column":22},"end":{"line":10,"column":70}},"8":{"start":{"line":11,"column":0},"end":{"line":11,"column":23}},"9":{"start":{"line":12,"column":18},"end":{"line":21,"column":1}},"10":{"start":{"line":13,"column":19},"end":{"line":15,"column":6}},"11":{"start":{"line":16,"column":4},"end":{"line":16,"column":27}},"12":{"start":{"line":17,"column":4},"end":{"line":19,"column":5}},"13":{"start":{"line":18,"column":8},"end":{"line":18,"column":113}},"14":{"start":{"line":20,"column":4},"end":{"line":20,"column":18}},"15":{"start":{"line":22,"column":0},"end":{"line":22,"column":30}}},"fnMap":{"0":{"name":"(anonymous_0)","decl":{"start":{"line":2,"column":56},"end":{"line":2,"column":57}},"loc":{"start":{"line":2,"column":71},"end":{"line":4,"column":1}},"line":2},"1":{"name":"(anonymous_1)","decl":{"start":{"line":12,"column":18},"end":{"line":12,"column":19}},"loc":{"start":{"line":12,"column":30},"end":{"line":21,"column":1}},"line":12}},"branchMap":{"0":{"loc":{"start":{"line":2,"column":22},"end":{"line":4,"column":1}},"type":"binary-expr","locations":[{"start":{"line":2,"column":23},"end":{"line":2,"column":27}},{"start":{"line":2,"column":31},"end":{"line":2,"column":51}},{"start":{"line":2,"column":56},"end":{"line":4,"column":1}}],"line":2},"1":{"loc":{"start":{"line":3,"column":11},"end":{"line":3,"column":61}},"type":"cond-expr","locations":[{"start":{"line":3,"column":37},"end":{"line":3,"column":40}},{"start":{"line":3,"column":43},"end":{"line":3,"column":61}}],"line":3},"2":{"loc":{"start":{"line":3,"column":12},"end":{"line":3,"column":33}},"type":"binary-expr","locations":[{"start":{"line":3,"column":12},"end":{"line":3,"column":15}},{"start":{"line":3,"column":19},"end":{"line":3,"column":33}}],"line":3},"3":{"loc":{"start":{"line":17,"column":4},"end":{"line":19,"column":5}},"type":"if","locations":[{"start":{"line":17,"column":4},"end":{"line":19,"column":5}},{"start":{},"end":{}}],"line":17}},"s":{"0":4,"1":8,"2":4,"3":4,"4":4,"5":4,"6":4,"7":4,"8":4,"9":4,"10":4,"11":4,"12":4,"13":0,"14":4,"15":4},"f":{"0":8,"1":4},"b":{"0":[4,0,4],"1":[8,0],"2":[8,8],"3":[0,4]},"_coverageSchema":"1a1c01bbd47fc00a2c39e90264f33305004495a9","hash":"49440db5adaacb25123983fe458d87fd0689431f"}
,"C:\\Users\\Sari\\Desktop\\ERP\\demo-store-ERP_pgern-stack\\server\\dist\\controllers\\categoriesController.js": {"path":"C:\\Users\\Sari\\Desktop\\ERP\\demo-store-ERP_pgern-stack\\server\\dist\\controllers\\categoriesController.js","statementMap":{"0":{"start":{"line":2,"column":22},"end":{"line":4,"column":1}},"1":{"start":{"line":3,"column":4},"end":{"line":3,"column":62}},"2":{"start":{"line":5,"column":0},"end":{"line":5,"column":62}},"3":{"start":{"line":6,"column":32},"end":{"line":6,"column":81}},"4":{"start":{"line":7,"column":28},"end":{"line":7,"column":85}},"5":{"start":{"line":8,"column":22},"end":{"line":11,"column":2}},"6":{"start":{"line":9,"column":23},"end":{"line":9,"column":72}},"7":{"start":{"line":10,"column":4},"end":{"line":10,"column":25}},"8":{"start":{"line":12,"column":0},"end":{"line":12,"column":36}}},"fnMap":{"0":{"name":"(anonymous_0)","decl":{"start":{"line":2,"column":56},"end":{"line":2,"column":57}},"loc":{"start":{"line":2,"column":71},"end":{"line":4,"column":1}},"line":2},"1":{"name":"(anonymous_1)","decl":{"start":{"line":8,"column":59},"end":{"line":8,"column":60}},"loc":{"start":{"line":8,"column":79},"end":{"line":11,"column":1}},"line":8}},"branchMap":{"0":{"loc":{"start":{"line":2,"column":22},"end":{"line":4,"column":1}},"type":"binary-expr","locations":[{"start":{"line":2,"column":23},"end":{"line":2,"column":27}},{"start":{"line":2,"column":31},"end":{"line":2,"column":51}},{"start":{"line":2,"column":56},"end":{"line":4,"column":1}}],"line":2},"1":{"loc":{"start":{"line":3,"column":11},"end":{"line":3,"column":61}},"type":"cond-expr","locations":[{"start":{"line":3,"column":37},"end":{"line":3,"column":40}},{"start":{"line":3,"column":43},"end":{"line":3,"column":61}}],"line":3},"2":{"loc":{"start":{"line":3,"column":12},"end":{"line":3,"column":33}},"type":"binary-expr","locations":[{"start":{"line":3,"column":12},"end":{"line":3,"column":15}},{"start":{"line":3,"column":19},"end":{"line":3,"column":33}}],"line":3}},"s":{"0":1,"1":2,"2":1,"3":1,"4":1,"5":1,"6":1,"7":1,"8":1},"f":{"0":2,"1":1},"b":{"0":[1,0,1],"1":[1,1],"2":[2,2]},"_coverageSchema":"1a1c01bbd47fc00a2c39e90264f33305004495a9","hash":"da4519c880862620f6aaee3326be28d8032b19bf"}
,"C:\\Users\\Sari\\Desktop\\ERP\\demo-store-ERP_pgern-stack\\server\\dist\\dal\\categoriesDal.js": {"path":"C:\\Users\\Sari\\Desktop\\ERP\\demo-store-ERP_pgern-stack\\server\\dist\\dal\\categoriesDal.js","statementMap":{"0":{"start":{"line":2,"column":22},"end":{"line":4,"column":1}},"1":{"start":{"line":3,"column":4},"end":{"line":3,"column":62}},"2":{"start":{"line":5,"column":0},"end":{"line":5,"column":62}},"3":{"start":{"line":6,"column":18},"end":{"line":6,"column":62}},"4":{"start":{"line":7,"column":22},"end":{"line":13,"column":1}},"5":{"start":{"line":8,"column":16},"end":{"line":10,"column":3}},"6":{"start":{"line":11,"column":21},"end":{"line":11,"column":54}},"7":{"start":{"line":12,"column":4},"end":{"line":12,"column":16}},"8":{"start":{"line":14,"column":0},"end":{"line":14,"column":36}}},"fnMap":{"0":{"name":"(anonymous_0)","decl":{"start":{"line":2,"column":56},"end":{"line":2,"column":57}},"loc":{"start":{"line":2,"column":71},"end":{"line":4,"column":1}},"line":2},"1":{"name":"(anonymous_1)","decl":{"start":{"line":7,"column":22},"end":{"line":7,"column":23}},"loc":{"start":{"line":7,"column":34},"end":{"line":13,"column":1}},"line":7}},"branchMap":{"0":{"loc":{"start":{"line":2,"column":22},"end":{"line":4,"column":1}},"type":"binary-expr","locations":[{"start":{"line":2,"column":23},"end":{"line":2,"column":27}},{"start":{"line":2,"column":31},"end":{"line":2,"column":51}},{"start":{"line":2,"column":56},"end":{"line":4,"column":1}}],"line":2},"1":{"loc":{"start":{"line":3,"column":11},"end":{"line":3,"column":61}},"type":"cond-expr","locations":[{"start":{"line":3,"column":37},"end":{"line":3,"column":40}},{"start":{"line":3,"column":43},"end":{"line":3,"column":61}}],"line":3},"2":{"loc":{"start":{"line":3,"column":12},"end":{"line":3,"column":33}},"type":"binary-expr","locations":[{"start":{"line":3,"column":12},"end":{"line":3,"column":15}},{"start":{"line":3,"column":19},"end":{"line":3,"column":33}}],"line":3}},"s":{"0":4,"1":4,"2":4,"3":4,"4":4,"5":4,"6":4,"7":4,"8":4},"f":{"0":4,"1":4},"b":{"0":[4,0,4],"1":[4,0],"2":[4,4]},"_coverageSchema":"1a1c01bbd47fc00a2c39e90264f33305004495a9","hash":"2524bf8804a65cec2f1d75673b8648952b09e99e"}
,"C:\\Users\\Sari\\Desktop\\ERP\\demo-store-ERP_pgern-stack\\server\\dist\\routes\\categoriesRouter.js": {"path":"C:\\Users\\Sari\\Desktop\\ERP\\demo-store-ERP_pgern-stack\\server\\dist\\routes\\categoriesRouter.js","statementMap":{"0":{"start":{"line":2,"column":22},"end":{"line":4,"column":1}},"1":{"start":{"line":3,"column":4},"end":{"line":3,"column":62}},"2":{"start":{"line":5,"column":0},"end":{"line":5,"column":62}},"3":{"start":{"line":6,"column":18},"end":{"line":6,"column":53}},"4":{"start":{"line":7,"column":31},"end":{"line":7,"column":94}},"5":{"start":{"line":8,"column":29},"end":{"line":8,"column":55}},"6":{"start":{"line":9,"column":0},"end":{"line":9,"column":82}},"7":{"start":{"line":10,"column":0},"end":{"line":10,"column":39}}},"fnMap":{"0":{"name":"(anonymous_0)","decl":{"start":{"line":2,"column":56},"end":{"line":2,"column":57}},"loc":{"start":{"line":2,"column":71},"end":{"line":4,"column":1}},"line":2}},"branchMap":{"0":{"loc":{"start":{"line":2,"column":22},"end":{"line":4,"column":1}},"type":"binary-expr","locations":[{"start":{"line":2,"column":23},"end":{"line":2,"column":27}},{"start":{"line":2,"column":31},"end":{"line":2,"column":51}},{"start":{"line":2,"column":56},"end":{"line":4,"column":1}}],"line":2},"1":{"loc":{"start":{"line":3,"column":11},"end":{"line":3,"column":61}},"type":"cond-expr","locations":[{"start":{"line":3,"column":37},"end":{"line":3,"column":40}},{"start":{"line":3,"column":43},"end":{"line":3,"column":61}}],"line":3},"2":{"loc":{"start":{"line":3,"column":12},"end":{"line":3,"column":33}},"type":"binary-expr","locations":[{"start":{"line":3,"column":12},"end":{"line":3,"column":15}},{"start":{"line":3,"column":19},"end":{"line":3,"column":33}}],"line":3}},"s":{"0":1,"1":2,"2":1,"3":1,"4":1,"5":1,"6":1,"7":1},"f":{"0":2},"b":{"0":[1,0,1],"1":[1,1],"2":[2,2]},"_coverageSchema":"1a1c01bbd47fc00a2c39e90264f33305004495a9","hash":"956d723397ba49068c52c92cd0e11ba8cb8ff5fe"}
,"C:\\Users\\Sari\\Desktop\\ERP\\demo-store-ERP_pgern-stack\\server\\dist\\services\\categoriesService.js": {"path":"C:\\Users\\Sari\\Desktop\\ERP\\demo-store-ERP_pgern-stack\\server\\dist\\services\\categoriesService.js","statementMap":{"0":{"start":{"line":2,"column":22},"end":{"line":4,"column":1}},"1":{"start":{"line":3,"column":4},"end":{"line":3,"column":62}},"2":{"start":{"line":5,"column":0},"end":{"line":5,"column":62}},"3":{"start":{"line":6,"column":24},"end":{"line":6,"column":72}},"4":{"start":{"line":7,"column":23},"end":{"line":7,"column":79}},"5":{"start":{"line":8,"column":22},"end":{"line":8,"column":70}},"6":{"start":{"line":9,"column":22},"end":{"line":15,"column":1}},"7":{"start":{"line":10,"column":23},"end":{"line":10,"column":68}},"8":{"start":{"line":11,"column":4},"end":{"line":13,"column":5}},"9":{"start":{"line":12,"column":8},"end":{"line":12,"column":109}},"10":{"start":{"line":14,"column":4},"end":{"line":14,"column":22}},"11":{"start":{"line":16,"column":0},"end":{"line":16,"column":36}}},"fnMap":{"0":{"name":"(anonymous_0)","decl":{"start":{"line":2,"column":56},"end":{"line":2,"column":57}},"loc":{"start":{"line":2,"column":71},"end":{"line":4,"column":1}},"line":2},"1":{"name":"(anonymous_1)","decl":{"start":{"line":9,"column":22},"end":{"line":9,"column":23}},"loc":{"start":{"line":9,"column":34},"end":{"line":15,"column":1}},"line":9}},"branchMap":{"0":{"loc":{"start":{"line":2,"column":22},"end":{"line":4,"column":1}},"type":"binary-expr","locations":[{"start":{"line":2,"column":23},"end":{"line":2,"column":27}},{"start":{"line":2,"column":31},"end":{"line":2,"column":51}},{"start":{"line":2,"column":56},"end":{"line":4,"column":1}}],"line":2},"1":{"loc":{"start":{"line":3,"column":11},"end":{"line":3,"column":61}},"type":"cond-expr","locations":[{"start":{"line":3,"column":37},"end":{"line":3,"column":40}},{"start":{"line":3,"column":43},"end":{"line":3,"column":61}}],"line":3},"2":{"loc":{"start":{"line":3,"column":12},"end":{"line":3,"column":33}},"type":"binary-expr","locations":[{"start":{"line":3,"column":12},"end":{"line":3,"column":15}},{"start":{"line":3,"column":19},"end":{"line":3,"column":33}}],"line":3},"3":{"loc":{"start":{"line":11,"column":4},"end":{"line":13,"column":5}},"type":"if","locations":[{"start":{"line":11,"column":4},"end":{"line":13,"column":5}},{"start":{},"end":{}}],"line":11}},"s":{"0":3,"1":9,"2":3,"3":3,"4":3,"5":3,"6":3,"7":3,"8":3,"9":0,"10":3,"11":3},"f":{"0":9,"1":3},"b":{"0":[3,0,3],"1":[9,0],"2":[9,9],"3":[0,3]},"_coverageSchema":"1a1c01bbd47fc00a2c39e90264f33305004495a9","hash":"9aa7e06a15565ae48d7216128ea6b130b0dcaf38"}
,"C:\\Users\\Sari\\Desktop\\ERP\\demo-store-ERP_pgern-stack\\server\\dist\\types\\errors\\RequestError.js": {"path":"C:\\Users\\Sari\\Desktop\\ERP\\demo-store-ERP_pgern-stack\\server\\dist\\types\\errors\\RequestError.js","statementMap":{"0":{"start":{"line":2,"column":0},"end":{"line":2,"column":62}},"1":{"start":{"line":6,"column":8},"end":{"line":6,"column":23}},"2":{"start":{"line":7,"column":8},"end":{"line":7,"column":33}},"3":{"start":{"line":10,"column":0},"end":{"line":10,"column":31}}},"fnMap":{"0":{"name":"(anonymous_0)","decl":{"start":{"line":5,"column":4},"end":{"line":5,"column":5}},"loc":{"start":{"line":5,"column":33},"end":{"line":8,"column":5}},"line":5}},"branchMap":{},"s":{"0":4,"1":0,"2":0,"3":4},"f":{"0":0},"b":{},"_coverageSchema":"1a1c01bbd47fc00a2c39e90264f33305004495a9","hash":"31d4cc90dcd3f39df5c5f118ccd95f0b6c09969f"}
,"C:\\Users\\Sari\\Desktop\\ERP\\demo-store-ERP_pgern-stack\\server\\dist\\utils\\StatusCodes.js": {"path":"C:\\Users\\Sari\\Desktop\\ERP\\demo-store-ERP_pgern-stack\\server\\dist\\utils\\StatusCodes.js","statementMap":{"0":{"start":{"line":2,"column":0},"end":{"line":2,"column":62}},"1":{"start":{"line":3,"column":21},"end":{"line":11,"column":1}},"2":{"start":{"line":12,"column":0},"end":{"line":12,"column":31}}},"fnMap":{},"branchMap":{},"s":{"0":4,"1":4,"2":4},"f":{},"b":{},"_coverageSchema":"1a1c01bbd47fc00a2c39e90264f33305004495a9","hash":"8e902c81d0802ecce0a2b79fe627d027392391f0"}
,"C:\\Users\\Sari\\Desktop\\ERP\\demo-store-ERP_pgern-stack\\server\\dist\\utils\\queryDB.js": {"path":"C:\\Users\\Sari\\Desktop\\ERP\\demo-store-ERP_pgern-stack\\server\\dist\\utils\\queryDB.js","statementMap":{"0":{"start":{"line":2,"column":22},"end":{"line":4,"column":1}},"1":{"start":{"line":3,"column":4},"end":{"line":3,"column":62}},"2":{"start":{"line":5,"column":0},"end":{"line":5,"column":62}},"3":{"start":{"line":6,"column":13},"end":{"line":6,"column":37}},"4":{"start":{"line":7,"column":23},"end":{"line":7,"column":79}},"5":{"start":{"line":8,"column":22},"end":{"line":8,"column":63}},"6":{"start":{"line":9,"column":14},"end":{"line":20,"column":1}},"7":{"start":{"line":10,"column":19},"end":{"line":10,"column":46}},"8":{"start":{"line":11,"column":4},"end":{"line":19,"column":5}},"9":{"start":{"line":12,"column":20},"end":{"line":12,"column":45}},"10":{"start":{"line":13,"column":8},"end":{"line":13,"column":21}},"11":{"start":{"line":14,"column":8},"end":{"line":14,"column":19}},"12":{"start":{"line":17,"column":8},"end":{"line":17,"column":29}},"13":{"start":{"line":18,"column":8},"end":{"line":18,"column":101}},"14":{"start":{"line":21,"column":0},"end":{"line":21,"column":24}}},"fnMap":{"0":{"name":"(anonymous_0)","decl":{"start":{"line":2,"column":56},"end":{"line":2,"column":57}},"loc":{"start":{"line":2,"column":71},"end":{"line":4,"column":1}},"line":2},"1":{"name":"(anonymous_1)","decl":{"start":{"line":9,"column":14},"end":{"line":9,"column":15}},"loc":{"start":{"line":9,"column":31},"end":{"line":20,"column":1}},"line":9}},"branchMap":{"0":{"loc":{"start":{"line":2,"column":22},"end":{"line":4,"column":1}},"type":"binary-expr","locations":[{"start":{"line":2,"column":23},"end":{"line":2,"column":27}},{"start":{"line":2,"column":31},"end":{"line":2,"column":51}},{"start":{"line":2,"column":56},"end":{"line":4,"column":1}}],"line":2},"1":{"loc":{"start":{"line":3,"column":11},"end":{"line":3,"column":61}},"type":"cond-expr","locations":[{"start":{"line":3,"column":37},"end":{"line":3,"column":40}},{"start":{"line":3,"column":43},"end":{"line":3,"column":61}}],"line":3},"2":{"loc":{"start":{"line":3,"column":12},"end":{"line":3,"column":33}},"type":"binary-expr","locations":[{"start":{"line":3,"column":12},"end":{"line":3,"column":15}},{"start":{"line":3,"column":19},"end":{"line":3,"column":33}}],"line":3}},"s":{"0":4,"1":8,"2":4,"3":4,"4":4,"5":4,"6":4,"7":4,"8":4,"9":4,"10":4,"11":4,"12":0,"13":0,"14":4},"f":{"0":8,"1":4},"b":{"0":[4,0,4],"1":[8,0],"2":[8,8]},"_coverageSchema":"1a1c01bbd47fc00a2c39e90264f33305004495a9","hash":"34a09b4f002b6e84d9b5955d89253b3d70fa13a7"}
}
