TN:
SF:dist\configs\db.js
FN:2,(anonymous_0)
FN:12,(anonymous_1)
FNF:2
FNH:2
FNDA:8,(anonymous_0)
FNDA:4,(anonymous_1)
DA:2,4
DA:3,8
DA:5,4
DA:6,4
DA:7,4
DA:8,4
DA:9,4
DA:10,4
DA:11,4
DA:12,4
DA:13,4
DA:16,4
DA:17,4
DA:18,0
DA:20,4
DA:22,4
LF:16
LH:15
BRDA:2,0,0,4
BRDA:2,0,1,0
BRDA:2,0,2,4
BRDA:3,1,0,8
BRDA:3,1,1,0
BRDA:3,2,0,8
BRDA:3,2,1,8
BRDA:17,3,0,0
BRDA:17,3,1,4
BRF:9
BRH:6
end_of_record
TN:
SF:dist\controllers\categoriesController.js
FN:2,(anonymous_0)
FN:8,(anonymous_1)
FNF:2
FNH:2
FNDA:2,(anonymous_0)
FNDA:1,(anonymous_1)
DA:2,1
DA:3,2
DA:5,1
DA:6,1
DA:7,1
DA:8,1
DA:9,1
DA:10,1
DA:12,1
LF:9
LH:9
BRDA:2,0,0,1
BRDA:2,0,1,0
BRDA:2,0,2,1
BRDA:3,1,0,1
BRDA:3,1,1,1
BRDA:3,2,0,2
BRDA:3,2,1,2
BRF:7
BRH:6
end_of_record
TN:
SF:dist\dal\categoriesDal.js
FN:2,(anonymous_0)
FN:7,(anonymous_1)
FNF:2
FNH:2
FNDA:4,(anonymous_0)
FNDA:4,(anonymous_1)
DA:2,4
DA:3,4
DA:5,4
DA:6,4
DA:7,4
DA:8,4
DA:11,4
DA:12,4
DA:14,4
LF:9
LH:9
BRDA:2,0,0,4
BRDA:2,0,1,0
BRDA:2,0,2,4
BRDA:3,1,0,4
BRDA:3,1,1,0
BRDA:3,2,0,4
BRDA:3,2,1,4
BRF:7
BRH:5
end_of_record
TN:
SF:dist\routes\categoriesRouter.js
FN:2,(anonymous_0)
FNF:1
FNH:1
FNDA:2,(anonymous_0)
DA:2,1
DA:3,2
DA:5,1
DA:6,1
DA:7,1
DA:8,1
DA:9,1
DA:10,1
LF:8
LH:8
BRDA:2,0,0,1
BRDA:2,0,1,0
BRDA:2,0,2,1
BRDA:3,1,0,1
BRDA:3,1,1,1
BRDA:3,2,0,2
BRDA:3,2,1,2
BRF:7
BRH:6
end_of_record
TN:
SF:dist\services\categoriesService.js
FN:2,(anonymous_0)
FN:9,(anonymous_1)
FNF:2
FNH:2
FNDA:9,(anonymous_0)
FNDA:3,(anonymous_1)
DA:2,3
DA:3,9
DA:5,3
DA:6,3
DA:7,3
DA:8,3
DA:9,3
DA:10,3
DA:11,3
DA:12,0
DA:14,3
DA:16,3
LF:12
LH:11
BRDA:2,0,0,3
BRDA:2,0,1,0
BRDA:2,0,2,3
BRDA:3,1,0,9
BRDA:3,1,1,0
BRDA:3,2,0,9
BRDA:3,2,1,9
BRDA:11,3,0,0
BRDA:11,3,1,3
BRF:9
BRH:6
end_of_record
TN:
SF:dist\types\errors\RequestError.js
FN:5,(anonymous_0)
FNF:1
FNH:0
FNDA:0,(anonymous_0)
DA:2,4
DA:6,0
DA:7,0
DA:10,4
LF:4
LH:2
BRF:0
BRH:0
end_of_record
TN:
SF:dist\utils\StatusCodes.js
FNF:0
FNH:0
DA:2,4
DA:3,4
DA:12,4
LF:3
LH:3
BRF:0
BRH:0
end_of_record
TN:
SF:dist\utils\queryDB.js
FN:2,(anonymous_0)
FN:9,(anonymous_1)
FNF:2
FNH:2
FNDA:8,(anonymous_0)
FNDA:4,(anonymous_1)
DA:2,4
DA:3,8
DA:5,4
DA:6,4
DA:7,4
DA:8,4
DA:9,4
DA:10,4
DA:11,4
DA:12,4
DA:13,4
DA:14,4
DA:17,0
DA:18,0
DA:21,4
LF:15
LH:13
BRDA:2,0,0,4
BRDA:2,0,1,0
BRDA:2,0,2,4
BRDA:3,1,0,8
BRDA:3,1,1,0
BRDA:3,2,0,8
BRDA:3,2,1,8
BRF:7
BRH:5
end_of_record
