TN:
SF:dist\configs\db.js
FN:2,(anonymous_0)
FN:12,(anonymous_1)
FNF:2
FNH:2
FNDA:4,(anonymous_0)
FNDA:10,(anonymous_1)
DA:2,2
DA:3,4
DA:5,2
DA:6,2
DA:7,2
DA:8,2
DA:9,2
DA:10,2
DA:11,2
DA:12,2
DA:13,10
DA:14,10
DA:15,10
DA:16,0
DA:18,10
DA:20,2
LF:16
LH:15
BRDA:2,0,0,2
BRDA:2,0,1,0
BRDA:2,0,2,2
BRDA:3,1,0,4
BRDA:3,1,1,0
BRDA:3,2,0,4
BRDA:3,2,1,4
BRDA:15,3,0,0
BRDA:15,3,1,10
BRF:9
BRH:6
end_of_record
TN:
SF:dist\dal\shopInventoryDAL.js
FN:2,(anonymous_0)
FN:8,(anonymous_1)
FN:13,(anonymous_2)
FN:18,checkQuantity
FN:24,updateInventory
FNF:5
FNH:5
FNDA:1,(anonymous_0)
FNDA:4,(anonymous_1)
FNDA:1,(anonymous_2)
FNDA:1,checkQuantity
FNDA:1,updateInventory
DA:2,1
DA:3,1
DA:5,1
DA:6,1
DA:7,1
DA:8,1
DA:9,4
DA:10,4
DA:12,1
DA:13,1
DA:14,1
DA:15,1
DA:17,1
DA:19,1
DA:20,1
DA:21,1
DA:23,1
DA:25,1
DA:26,1
DA:28,1
LF:20
LH:20
BRDA:2,0,0,1
BRDA:2,0,1,0
BRDA:2,0,2,1
BRDA:3,1,0,1
BRDA:3,1,1,0
BRDA:3,2,0,1
BRDA:3,2,1,1
BRF:7
BRH:5
end_of_record
TN:
SF:dist\routes\sum.js
FN:4,sum
FNF:1
FNH:1
FNDA:1,sum
DA:2,1
DA:3,1
DA:5,1
DA:7,1
LF:4
LH:4
BRF:0
BRH:0
end_of_record
TN:
SF:dist\services\shopInventoryService.js
FN:2,(anonymous_0)
FN:6,(anonymous_1)
FN:9,(anonymous_2)
FN:13,(anonymous_3)
FN:15,(anonymous_4)
FN:18,(anonymous_5)
FN:25,(anonymous_6)
FN:35,(anonymous_7)
FN:71,(anonymous_8)
FN:86,(anonymous_9)
FN:118,(anonymous_10)
FNF:11
FNH:6
FNDA:0,(anonymous_0)
FNDA:0,(anonymous_1)
FNDA:0,(anonymous_2)
FNDA:0,(anonymous_3)
FNDA:0,(anonymous_4)
FNDA:1,(anonymous_5)
FNDA:3,(anonymous_6)
FNDA:4,(anonymous_7)
FNDA:1,(anonymous_8)
FNDA:1,(anonymous_9)
FNDA:1,(anonymous_10)
DA:2,1
DA:3,0
DA:4,0
DA:5,0
DA:6,0
DA:8,0
DA:10,0
DA:11,0
DA:13,1
DA:14,0
DA:16,0
DA:18,1
DA:19,1
DA:20,0
DA:21,0
DA:22,0
DA:23,0
DA:25,1
DA:26,3
DA:28,1
DA:29,1
DA:30,1
DA:31,1
DA:32,1
DA:33,1
DA:34,1
DA:35,1
DA:36,4
DA:37,1
DA:40,1
DA:41,1
DA:42,0
DA:44,1
DA:47,3
DA:48,1
DA:53,1
DA:54,1
DA:55,0
DA:57,1
DA:60,2
DA:62,2
DA:63,2
DA:64,0
DA:66,2
DA:70,1
DA:71,1
DA:72,1
DA:73,0
DA:75,1
DA:79,1
DA:80,1
DA:81,0
DA:83,1
DA:85,1
DA:86,1
DA:87,1
DA:88,0
DA:90,1
DA:91,1
DA:92,0
DA:94,1
DA:95,1
DA:96,1
DA:97,1
DA:98,1
DA:99,0
DA:101,1
DA:102,0
DA:104,1
DA:107,1
DA:108,1
DA:109,0
DA:111,1
DA:112,1
DA:115,1
DA:117,1
DA:118,1
DA:119,1
DA:120,1
DA:121,1
DA:122,0
DA:124,1
DA:125,0
DA:127,1
DA:128,1
DA:129,1
DA:130,1
DA:133,1
DA:134,1
DA:135,0
DA:138,1
DA:140,1
LF:92
LH:66
BRDA:2,0,0,1
BRDA:2,0,1,0
BRDA:2,0,2,1
BRDA:2,1,0,1
BRDA:2,1,1,0
BRDA:3,2,0,0
BRDA:3,2,1,0
BRDA:5,3,0,0
BRDA:5,3,1,0
BRDA:5,4,0,0
BRDA:5,4,1,0
BRDA:5,5,0,0
BRDA:5,5,1,0
BRDA:5,6,0,0
BRDA:5,6,1,0
BRDA:10,7,0,0
BRDA:10,7,1,0
BRDA:13,8,0,1
BRDA:13,8,1,0
BRDA:13,8,2,1
BRDA:13,9,0,1
BRDA:13,9,1,0
BRDA:18,10,0,1
BRDA:18,10,1,0
BRDA:18,10,2,1
BRDA:19,11,0,1
BRDA:19,11,1,0
BRDA:19,12,0,1
BRDA:19,12,1,1
BRDA:21,13,0,0
BRDA:21,13,1,0
BRDA:21,14,0,0
BRDA:21,14,1,0
BRDA:21,15,0,0
BRDA:21,15,1,0
BRDA:25,16,0,1
BRDA:25,16,1,0
BRDA:25,16,2,1
BRDA:26,17,0,2
BRDA:26,17,1,1
BRDA:26,18,0,3
BRDA:26,18,1,3
BRDA:36,19,0,1
BRDA:36,19,1,3
BRDA:41,20,0,0
BRDA:41,20,1,1
BRDA:41,21,0,1
BRDA:41,21,1,1
BRDA:47,22,0,1
BRDA:47,22,1,2
BRDA:54,23,0,0
BRDA:54,23,1,1
BRDA:54,24,0,1
BRDA:54,24,1,1
BRDA:63,25,0,0
BRDA:63,25,1,2
BRDA:63,26,0,2
BRDA:63,26,1,2
BRDA:72,27,0,0
BRDA:72,27,1,1
BRDA:80,28,0,0
BRDA:80,28,1,1
BRDA:80,29,0,1
BRDA:80,29,1,1
BRDA:87,30,0,0
BRDA:87,30,1,1
BRDA:87,31,0,1
BRDA:87,31,1,1
BRDA:91,32,0,0
BRDA:91,32,1,1
BRDA:91,33,0,1
BRDA:91,33,1,0
BRDA:98,34,0,0
BRDA:98,34,1,1
BRDA:98,35,0,1
BRDA:98,35,1,1
BRDA:101,36,0,0
BRDA:101,36,1,1
BRDA:101,37,0,1
BRDA:101,37,1,1
BRDA:108,38,0,0
BRDA:108,38,1,1
BRDA:108,39,0,1
BRDA:108,39,1,0
BRDA:111,40,0,1
BRDA:111,40,1,0
BRDA:111,41,0,1
BRDA:111,41,1,1
BRDA:121,42,0,0
BRDA:121,42,1,1
BRDA:121,43,0,1
BRDA:121,43,1,0
BRDA:124,44,0,0
BRDA:124,44,1,1
BRDA:127,45,0,1
BRDA:127,45,1,0
BRDA:134,46,0,0
BRDA:134,46,1,1
BRF:98
BRH:55
end_of_record
TN:
SF:dist\types\SQLqueries.js
FNF:0
FNH:0
DA:2,2
DA:3,2
DA:4,2
LF:3
LH:3
BRF:0
BRH:0
end_of_record
TN:
SF:dist\types\errors\RequestError.js
FN:5,(anonymous_0)
FNF:1
FNH:0
FNDA:0,(anonymous_0)
DA:2,2
DA:6,0
DA:7,0
DA:10,2
LF:4
LH:2
BRF:0
BRH:0
end_of_record
TN:
SF:dist\utils\StatusCodes.js
FNF:0
FNH:0
DA:2,2
DA:3,2
DA:12,2
LF:3
LH:3
BRF:0
BRH:0
end_of_record
TN:
SF:dist\utils\queryDB.js
FN:2,(anonymous_0)
FN:9,(anonymous_1)
FNF:2
FNH:2
FNDA:4,(anonymous_0)
FNDA:10,(anonymous_1)
DA:2,2
DA:3,4
DA:5,2
DA:6,2
DA:7,2
DA:8,2
DA:9,2
DA:10,10
DA:11,10
DA:12,10
DA:13,10
DA:14,10
DA:17,0
DA:18,0
DA:21,2
LF:15
LH:13
BRDA:2,0,0,2
BRDA:2,0,1,0
BRDA:2,0,2,2
BRDA:3,1,0,4
BRDA:3,1,1,0
BRDA:3,2,0,4
BRDA:3,2,1,4
BRF:7
BRH:5
end_of_record
